2026-07-03 22:35:39,428 | FileChecker | INFO | Dataset has changed, regenerating: EDA/missing_values.png
2026-07-03 22:39:44,079 | FileChecker | INFO | Dataset has changed, regenerating: Meta
2026-07-03 22:40:41,462 | FileChecker | INFO | Dataset has changed, regenerating: Meta
2026-07-03 22:43:39,907 | FileChecker | INFO | Dataset has changed, regenerating: EDA/missing_values.png
2026-07-03 22:43:40,572 | FileChecker | INFO | Dataset has changed, regenerating: EDA/correlation_heatmap.png
2026-07-03 23:02:14,439 | FileChecker | INFO | File is up to date, skipping: EDA/missing_values.png
2026-07-03 23:02:14,567 | FileChecker | INFO | File is up to date, skipping: EDA/correlation_heatmap.png
2026-07-03 23:02:14,706 | FileChecker | INFO | File is up to date, skipping: EDA/target_distribution.png
2026-07-04 20:27:47,441 | FileChecker | INFO | File is up to date, skipping: EDA/missing_values.png
2026-07-04 20:27:47,586 | FileChecker | INFO | File is up to date, skipping: EDA/correlation_heatmap.png
2026-07-04 20:27:47,726 | FileChecker | INFO | File is up to date, skipping: EDA/target_distribution.png
2026-07-04 20:59:48,218 | FileChecker | INFO | File is up to date, skipping: EDA/missing_values.png
2026-07-04 20:59:48,358 | FileChecker | INFO | File is up to date, skipping: EDA/correlation_heatmap.png
2026-07-04 20:59:48,505 | FileChecker | INFO | File is up to date, skipping: EDA/target_distribution.png
2026-07-05 14:00:12,073 | FileChecker | INFO | File is up to date, skipping: EDA/missing_values.png
2026-07-05 14:00:12,202 | FileChecker | INFO | File is up to date, skipping: EDA/correlation_heatmap.png
2026-07-05 14:00:12,322 | FileChecker | INFO | File is up to date, skipping: EDA/target_distribution.png
2026-07-05 21:57:25,948 | FileChecker | INFO | File is up to date, skipping: EDA/missing_values.png
2026-07-05 21:57:26,093 | FileChecker | INFO | File is up to date, skipping: EDA/correlation_heatmap.png
2026-07-05 21:57:26,236 | FileChecker | INFO | File is up to date, skipping: EDA/target_distribution.png
2026-07-05 22:07:57,908 | FileChecker | INFO | File is up to date, skipping: Output/model_evaluation_comparison/model_comparison_final.png
